<?xml version="1.0" encoding="UTF-8"?>
<testng-results skipped="0" failed="0" ignored="0" total="1" passed="1">
  <reporter-output>
  </reporter-output>
  <suite name="Default suite" duration-ms="73625" started-at="2021-04-22T16:13:19Z" finished-at="2021-04-22T16:14:32Z">
    <groups>
    </groups>
    <test name="Default test" duration-ms="73625" started-at="2021-04-22T16:13:19Z" finished-at="2021-04-22T16:14:32Z">
      <class name="MobiquityAPIs.GetAPITest">
        <test-method status="PASS" signature="TestDemo()[pri:0, instance:MobiquityAPIs.GetAPITest@776a6d9b]" name="TestDemo" is-config="true" duration-ms="322" started-at="2021-04-22T16:13:19Z" finished-at="2021-04-22T16:13:19Z">
          <reporter-output>
          </reporter-output>
        </test-method> <!-- TestDemo -->
        <test-method status="PASS" signature="getAPITest()[pri:1, instance:MobiquityAPIs.GetAPITest@776a6d9b]" name="getAPITest" duration-ms="73174" started-at="2021-04-22T16:13:19Z" finished-at="2021-04-22T16:14:32Z">
          <reporter-output>
          </reporter-output>
        </test-method> <!-- getAPITest -->
      </class> <!-- MobiquityAPIs.GetAPITest -->
    </test> <!-- Default test -->
  </suite> <!-- Default suite -->
</testng-results>
