<?xml version="1.0" encoding="UTF-8"?>
<!-- Generated by org.testng.reporters.JUnitXMLReporter -->
<testsuite hostname="Adels-MacBook-Pro.local" ignored="0" name="Surefire test" tests="4" failures="1" timestamp="27 Apr 2021 08:37:19 GMT" time="12.452" errors="0">
  <testcase name="EditExisitingPostAPITest" time="3.131" classname="MobiquityAPIs.PutPostsAPITest">
    <failure type="java.lang.AssertionError" message="expected [sunt aut facere repellat provident occaecati excepturi optio reprehenderit] but found [Adjusted Title]">
      <![CDATA[java.lang.AssertionError: expected [sunt aut facere repellat provident occaecati excepturi optio reprehenderit] but found [Adjusted Title]
at MobiquityAPIs.PutPostsAPITest.EditExisitingPostAPITest(PutPostsAPITest.java:64)
... Removed 36 stack frames]]>
    </failure>
  </testcase> <!-- EditExisitingPostAPITest -->
  <testcase name="CreateNewPostAPITest" time="0.767" classname="MobiquityAPIs.PostCreateTest"/>
  <testcase name="getListUsersAPITest" time="0.656" classname="MobiquityAPIs.GetAPITest"/>
  <testcase name="getPostsAndVerifyCommentsTest" time="7.2" classname="MobiquityAPIs.GetAPITest"/>
</testsuite> <!-- Surefire test -->
