<?xml version="1.0" encoding="UTF-8"?>
<testsuite xmlns:xsi="http://www.w3.org/2001/XMLSchema-instance" xsi:noNamespaceSchemaLocation="https://maven.apache.org/surefire/maven-surefire-plugin/xsd/surefire-test-report.xsd" name="TestSuite" time="12.887" tests="4" errors="0" skipped="0" failures="1">
  <properties>
[...]
</properties>
  <testcase name="EditExisitingPostAPITest" classname="MobiquityAPIs.PutPostsAPITest" time="3.138">
    <failure message="expected [sunt aut facere repellat provident occaecati excepturi optio reprehenderit] but found [Adjusted Title]" type="java.lang.AssertionError">java.lang.AssertionError: expected [sunt aut facere repellat provident occaecati excepturi optio reprehenderit] but found [Adjusted Title]
	at MobiquityAPIs.PutPostsAPITest.EditExisitingPostAPITest(PutPostsAPITest.java:64)
</failure>
    <system-out><![CDATA[test-output/Report/test/  ReportLocation
null
EditExisitingPostAPITest
]]></system-out>
  </testcase>
  <testcase name="CreateNewPostAPITest" classname="MobiquityAPIs.PostCreateTest" time="0.766"/>
  <testcase name="getListUsersAPITest" classname="MobiquityAPIs.GetAPITest" time="0.656"/>
  <testcase name="getPostsAndVerifyCommentsTest" classname="MobiquityAPIs.GetAPITest" time="7.2"/>
</testsuite>